<?xml version="1.0" encoding="UTF-8"?>
<!-- Generated by org.testng.reporters.JUnitXMLReporter -->
<testsuite ignored="1" hostname="SSSLT025" failures="0" tests="9" name="loginPage" time="79.097" errors="0" timestamp="2024-03-06T17:47:53 IST">
  <testcase classname="loginPage.Login" name="Login_TC1" time="0.319"/>
  <testcase classname="loginPage.Login" name="Login_TC2" time="0.291"/>
  <testcase classname="loginPage.Login" name="Login_TC3" time="0.279"/>
  <testcase classname="loginPage.Login" name="Login_TC4" time="0.28"/>
  <testcase classname="loginPage.Login" name="Login_TC5" time="0.33"/>
  <testcase classname="loginPage.Login" name="Login_TC6" time="30.788"/>
  <testcase classname="loginPage.Login" name="Login_TC7" time="30.894"/>
  <testcase classname="loginPage.Login" name="Login_TC9" time="0.349"/>
  <testcase classname="loginPage.Login" name="Login_TC10" time="1.284"/>
  <testcase classname="loginPage.Login" name="Login_TC8" time="0.0">
    <ignored/>
  </testcase> <!-- Login_TC8 -->
</testsuite> <!-- loginPage -->
